 Process in group number            1
 A PDF is used, so alpha_s(MZ) is going to be modified
 Old value of alpha_s from param_card:   0.11839999999999999     
  ****************************************
 
       NNPDFDriver version 1.0.3
   Grid: NNPDF23_lo_as_0130_qed_mem0.grid
  ****************************************
 New value of alpha_s from PDF nn23lo1:  0.13000000000000000     
 Define smin to   0.0000000000000000     
 Define smin to   0.0000000000000000     
 Define smin to   0.0000000000000000     
 Define smin to   0.0000000000000000     
 *****************************************************
 *               MadGraph/MadEvent                   *
 *        --------------------------------           *
 *          http://madgraph.hep.uiuc.edu             *
 *          http://madgraph.phys.ucl.ac.be           *
 *          http://madgraph.roma2.infn.it            *
 *        --------------------------------           *
 *                                                   *
 *          PARAMETER AND COUPLING VALUES            *
 *                                                   *
 *****************************************************

  External Params
  ---------------------------------
  
 aEWM1 =    127.90000000000001     
 mdl_Gf =   1.16636999999999998E-005
 aS =   0.11839999999999999     
 mdl_ymb =    4.7000000000000002     
 mdl_ymt =    172.00000000000000     
 mdl_ymtau =    1.7769999999999999     
 mdl_ls =    1.0000000000000000     
 mdl_MZ =    91.187600000000003     
 mdl_MTA =    1.7769999999999999     
 mdl_MT =    172.00000000000000     
 mdl_MB =    4.7000000000000002     
 mdl_MH =    125.00000000000000     
 mdl_Msd11 =    10000000.000000000     
 mdl_Msd12 =    10000000.000000000     
 mdl_Msd21 =    10000000.000000000     
 mdl_Msd22 =    10000000.000000000     
 mdl_Mss11 =    10000000.000000000     
 mdl_Mss12 =    10000000.000000000     
 mdl_Mss21 =    10000000.000000000     
 mdl_Mss22 =    10000000.000000000     
 mdl_Msb11 =    10000000.000000000     
 mdl_Msb12 =    10000000.000000000     
 mdl_Msb21 =    10000000.000000000     
 mdl_Msb22 =    10000000.000000000     
 mdl_Msu11 =    10000000.000000000     
 mdl_Msu12 =    10000000.000000000     
 mdl_Msu21 =    10000000.000000000     
 mdl_Msu22 =    10000000.000000000     
 mdl_Msc11 =    10000000.000000000     
 mdl_Msc12 =    10000000.000000000     
 mdl_Msc21 =    10000000.000000000     
 mdl_Msc22 =    10000000.000000000     
 mdl_Mst11 =    10000000.000000000     
 mdl_Mst12 =    10000000.000000000     
 mdl_Mst21 =    10000000.000000000     
 mdl_Mst22 =    10000000.000000000     
 mdl_Mgv11 =    10.000000000000000     
 mdl_Mgv12 =    10.000000000000000     
 mdl_Mgv21 =    10.000000000000000     
 mdl_Mgv22 =    10.000000000000000     
 mdl_WZ =    2.4952000000000001     
 mdl_WW =    2.0850000000000000     
 mdl_WT =    1.5083359999999999     
 mdl_WH =   4.06999999999999983E-003
 mdl_MWsd11 =    1.0000000000000000     
 mdl_MWsd12 =    1.0000000000000000     
 mdl_MWsd21 =    1.0000000000000000     
 mdl_MWsd22 =    1.0000000000000000     
 mdl_MWss11 =    1.0000000000000000     
 mdl_MWss12 =    1.0000000000000000     
 mdl_MWss21 =    1.0000000000000000     
 mdl_MWss22 =    1.0000000000000000     
 mdl_MWsb11 =    1.0000000000000000     
 mdl_MWsb12 =    1.0000000000000000     
 mdl_MWsb21 =    1.0000000000000000     
 mdl_MWsb22 =    1.0000000000000000     
 mdl_MWsu11 =    1.0000000000000000     
 mdl_MWsu12 =    1.0000000000000000     
 mdl_MWsu21 =    1.0000000000000000     
 mdl_MWsu22 =    1.0000000000000000     
 mdl_MWsc11 =    1.0000000000000000     
 mdl_MWsc12 =    1.0000000000000000     
 mdl_MWsc21 =    1.0000000000000000     
 mdl_MWsc22 =    1.0000000000000000     
 mdl_MWst11 =    1.0000000000000000     
 mdl_MWst12 =    1.0000000000000000     
 mdl_MWst21 =    1.0000000000000000     
 mdl_MWst22 =    1.0000000000000000     
  Internal Params
  ---------------------------------
  
 mdl_MZ__exp__2 =    8315.1783937600012     
 mdl_MZ__exp__4 =    69142191.720053151     
 mdl_sqrt__2 =    1.4142135623730951     
 mdl_MH__exp__2 =    15625.000000000000     
 mdl_complexi =  (  0.0000000000000000     ,  1.0000000000000000     )
 mdl_aEW =   7.81860828772478443E-003
 mdl_MW =    79.824359746197842     
 mdl_sqrt__aEW =   8.84228945902857527E-002
 mdl_ee =   0.31345100004952897     
 mdl_MW__exp__2 =    6371.9284088904105     
 mdl_sw2 =   0.23369913342182447     
 mdl_cw =   0.87538612427783857     
 mdl_sqrt__sw2 =   0.48342438232036300     
 mdl_sw =   0.48342438232036300     
 mdl_g1 =   0.35807170271074895     
 mdl_gw =   0.64839716719502682     
 mdl_vev =    246.22056907348590     
 mdl_vev__exp__2 =    60624.568634871241     
 mdl_lam =   0.12886689630821144     
 mdl_yb =   2.69953228041227219E-002
 mdl_yt =   0.98791394091683138     
 mdl_ytau =   1.02065294942395891E-002
 mdl_muH =    88.388347648318444     
 mdl_ee__exp__2 =   9.82515294320498167E-002
 mdl_sw__exp__2 =   0.23369913342182450     
 mdl_cw__exp__2 =   0.76630086657817542     
  Internal Params evaluated point by point
  ----------------------------------------
  
 mdl_sqrt__aS =   0.34409301068170506     
 mdl_G__exp__2 =    1.4878582807401259     
  Couplings of semivisible_sid
  ---------------------------------
  
        GC_21 =  -0.00000E+00  -0.10000E+01

 Collider parameters:
 --------------------

 Running at P P   machine @    13000.000000000000       GeV
 PDF set = nn23lo1
 alpha_s(Mz)= 0.1300 running at 2 loops.
 alpha_s(Mz)= 0.1300 running at 2 loops.
 Renormalization scale set on event-by-event basis
 Factorization   scale set on event-by-event basis


 getting user params
Enter number of events and max and min iterations: 
 Number of events and iterations         1000           5           3
Enter desired fractional accuracy: 
 Desired fractional accuracy:   0.10000000000000001     
Enter 0 for fixed, 2 for adjustable grid: 
Suppress amplitude (0 no, 1 yes)? 
 Using suppressed amplitude.
Exact helicity sum (0 yes, n = number/event)? 
 Explicitly summing over helicities
Enter Configuration Number: 
Running Configuration Number:    2
 Not subdividing B.W.
 Attempting mappinvarients           1           4
 Completed mapping           4
 about to integrate            4        1000           5           3           4           1
 Using non-zero grid deformation.
  4 dimensions   1000 events  4 invarients  5 iterations  1 config(s),  (0.99)
 Using h-tuple random number sequence.
 fail to read data
 Error opening grid
 Using Uniform Grid!          16
 Using uniform alpha   1.0000000000000000     
 Grid defined OK
 Set CM energy to      13000.00
 Mapping Graph           2  to config           2
Setting grid   1    0.59172E-06   1
 Transforming s_hat 1/s            3  2.36686390532544402E-006   0.0000000000000000        168999999.99999997     
 Masses: 0.000E+00 0.000E+00 0.100E+02 0.100E+02
   2   1   2   3   4
 Got moffset           1
Using random seed offsets     2 :      2
  with seed                  249
 Ranmar initialization seeds        4525       12791
 
 ********************************************
 * You are using the DiscreteSampler module *
 *      part of the MG5_aMC framework       *
 *         Author: Valentin Hirschi         *
 ********************************************
 
  Particle       3       4
      Et >     0.0     0.0
       E >     0.0     0.0
     Eta <    -1.0    -1.0
   xqcut:      0.0     0.0
d R # 3  >    -0.0     0.0
s min # 3>     0.0     0.0
xqcutij # 3>     0.0     0.0
 alpha_s for scale    11.785695866261410       is   0.19856570608729060     
 Added good helicity            1   6.6004043200650138       in event            1 local:           1
 Added good helicity            2   3.6760965007903135       in event            1 local:           1
 Added good helicity            3   3.6760965007903139       in event            1 local:           1
 Added good helicity            4   2.0474026783543580       in event            1 local:           1
 Added good helicity            1   6.6004043200650138       in event            1 local:           1
 Added good helicity            2   3.6760965007903139       in event            1 local:           1
 Added good helicity            3   3.6760965007903144       in event            1 local:           1
 Added good helicity            4   2.0474026783543593       in event            1 local:           1
 RESET CUMULATIVE VARIABLE
 RESET CUMULATIVE VARIABLE
 RESET CUMULATIVE VARIABLE
 Iteration  1   Mean: 0.1836E-17 Abs mean: 0.1836E-17   Fluctuation:  0.142E-17   0.142E-14    92.0%
  1    0.1836E-17 0.1836E-17 +- 0.1419E-17     24.43
 Writing out events  3.99248912067203437E-022   24.427286764827510     
 Relative summed weights:
  0.0000E+00  0.0000E+00  0.1712E+00  0.8288E+00  0.0000E+00  0.0000E+00  0.0000E+00  0.0000E+00
 Relative number of events:
  0.0000E+00  0.0000E+00  0.5102E+00  0.4898E+00  0.0000E+00  0.0000E+00  0.0000E+00  0.0000E+00
 Events:
           0           0         527         506           0           0           0           0
 Iteration  2   Mean: 0.1112E-17 Abs mean: 0.1112E-17   Fluctuation:  0.218E-18   0.381E-15    96.1%
  2    0.1112E-17 0.1112E-17 +- 0.2180E-18      8.77
 Relative summed weights:
  0.0000E+00  0.0000E+00  0.4896E+00  0.5104E+00  0.0000E+00  0.0000E+00  0.0000E+00  0.0000E+00
 Relative number of events:
  0.0000E+00  0.0000E+00  0.5130E+00  0.4870E+00  0.0000E+00  0.0000E+00  0.0000E+00  0.0000E+00
 Events:
           0           0        1026         974           0           0           0           0
 Iteration  3   Mean: 0.1598E-17 Abs mean: 0.1598E-17   Fluctuation:  0.357E-18   0.869E-15    97.7%
  3    0.1598E-17 0.1598E-17 +- 0.3568E-18     14.12
 Relative summed weights:
  0.0000E+00  0.0000E+00  0.6946E+00  0.3054E+00  0.0000E+00  0.0000E+00  0.0000E+00  0.0000E+00
 Relative number of events:
  0.0000E+00  0.0000E+00  0.4999E+00  0.5001E+00  0.0000E+00  0.0000E+00  0.0000E+00  0.0000E+00
 Events:
           0           0        1999        2000           0           0           0           0
 Accuracy:    0.134   0.100   0.145   0.862
 Found          253  events.
 Wrote            9  events.
 Actual xsec   1.34136711866990999E-018
 Correct abs xsec   1.34136711866991019E-018
 Event xsec   1.34136711866991057E-018
 Events wgts > 1:            1
 % Cross section > 1:   1.44747918498650836E-027  1.07910740082984720E-007
 Iteration  4   Mean: 0.1527E-17 Abs mean: 0.1527E-17   Fluctuation:  0.863E-19   0.248E-15    99.0%
  4    0.1527E-17 0.1527E-17 +- 0.8631E-19      5.06
 Relative summed weights:
  0.0000E+00  0.0000E+00  0.5166E+00  0.4834E+00  0.0000E+00  0.0000E+00  0.0000E+00  0.0000E+00
 Relative number of events:
  0.0000E+00  0.0000E+00  0.4963E+00  0.5037E+00  0.0000E+00  0.0000E+00  0.0000E+00  0.0000E+00
 Events:
           0           0        3970        4029           0           0           0           0
 Accuracy:    0.043   0.100   0.053   0.669
 Finished due to accuracy   4.30610827177631966E-002  0.10000000000000001     

 -------------------------------------------------------------------------------
 Accumulated results:   Integral =  0.1502E-17
                        Std dev  =  0.7911E-19
                       Cross sec =  0.1502E-17
             Chi**2 per DoF.     =      0.6689
 -------------------------------------------------------------------------------
 Found          553  events.
 Wrote           51  events.
 Actual xsec   1.50088792130275859E-018
 Correct abs xsec   1.50088792130278382E-018
 Event xsec   1.50088792130278382E-018
 Events wgts > 1:            2
 % Cross section > 1:   2.34917988864360882E-021  0.15651934133792617     
-------------------------------------------------
---------------------------
 Results Last   3 iters: Integral =   0.1501E-17
                     Abs integral =   0.1501E-17
                          Std dev =   0.7921E-19
                  Chi**2 per DoF. =      1.6769
-------------------------------------------------
---------------------------
 Status  0.10000000000000001                5           5

ls status:
events.lhe
ftn25
ftn26
input_app.txt
input_sg.txt
moffset.dat
results.dat
run1_app.log
run_01_log.txt
run_02_log.txt
run_05_log.txt
run_09_log.txt
run_12_log.txt
run_15_log.txt
run_16_log.txt
run_17_log.txt
